<?xml version="1.0" encoding="UTF-8"?>
<!-- Generated by org.testng.reporters.JUnitXMLReporter -->
<testsuite ignored="0" hostname="AnuragsLaptop" failures="0" tests="3" name="ChromeTest" time="124.986" errors="0" timestamp="2024-02-25T02:05:28 IST">
  <testcase classname="testCases.TC_001_Student_Travel_Insurance" name="travel_insurance" time="27.486"/>
  <testcase classname="testCases.TC_002_Car_Insurance" name="car_Insurance" time="10.322"/>
  <testcase classname="testCases.TC_003_Health_Insurance" name="HomePage" time="50.589"/>
</testsuite> <!-- ChromeTest -->
