<?xml version="1.0" encoding="UTF-8"?>
<!-- Generated by org.testng.reporters.JUnitXMLReporter -->
<testsuite ignored="0" hostname="AnuragsLaptop" failures="0" tests="12" name="Test" time="73.388" errors="0" timestamp="2024-02-21T23:33:42 IST">
  <testcase classname="testCases.TC_001_Student_Travel_Insurance" name="travel_insurance" time="14.172"/>
  <testcase classname="testCases.TC_002_Car_Insurance" name="car_Insurance" time="0.003"/>
  <testcase classname="testCases.TC_002_Car_Insurance" name="verify_carIns_click" time="0.616"/>
  <testcase classname="testCases.TC_002_Car_Insurance" name="verify_buyNew_click" time="2.696"/>
  <testcase classname="testCases.TC_002_Car_Insurance" name="verify_city_click" time="0.541"/>
  <testcase classname="testCases.TC_002_Car_Insurance" name="verify_rto_click" time="0.121"/>
  <testcase classname="testCases.TC_002_Car_Insurance" name="verify_brand_click" time="0.461"/>
  <testcase classname="testCases.TC_002_Car_Insurance" name="verify_model_click" time="0.412"/>
  <testcase classname="testCases.TC_002_Car_Insurance" name="verify_varaint_click" time="0.526"/>
  <testcase classname="testCases.TC_002_Car_Insurance" name="sendDetails" time="0.826"/>
  <testcase classname="testCases.TC_002_Car_Insurance" name="submit_click" time="0.208"/>
  <testcase classname="testCases.TC_003_Health_Insurance" name="HomePage" time="37.082"/>
</testsuite> <!-- Test -->
