<?xml version="1.0" encoding="UTF-8"?>
<!-- Generated by org.testng.reporters.JUnitXMLReporter -->
<testsuite ignored="6" hostname="LTIN206153" failures="0" tests="3" name="Test" time="0.963" errors="0" timestamp="2024-02-26T16:34:38 IST">
  <testcase classname="testBase.BaseClass" name="@BeforeSuite setup" time="-1.708945464068E9">
    <failure type="org.testng.TestNGException" message="
Parameter &amp;apos;os&amp;apos; is required by BeforeSuite on method setup but has not been marked @Optional or defined
in C:\Users\2303651\eclipse-workspace\Hackathon_Policy_Bazar\testng.xml">
      <![CDATA[org.testng.TestNGException: 
Parameter 'os' is required by BeforeSuite on method setup but has not been marked @Optional or defined
in C:\Users\2303651\eclipse-workspace\Hackathon_Policy_Bazar\testng.xml
... Removed 16 stack frames]]>
    </failure>
  </testcase> <!-- @BeforeSuite setup -->
  <testcase classname="testCases.TC_001_Student_Travel_Insurance" name="travel_insurance" time="0.001">
    <skipped/>
  </testcase> <!-- travel_insurance -->
  <testcase classname="testCases.TC_002_Car_Insurance" name="car_Insurance" time="0.0">
    <skipped/>
  </testcase> <!-- car_Insurance -->
  <testcase classname="testCases.TC_003_Health_Insurance" name="HomePage" time="0.0">
    <skipped/>
  </testcase> <!-- HomePage -->
  <testcase classname="testBase.BaseClass" name="@AfterSuite tearDown" time="0.0">
    <ignored/>
  </testcase> <!-- @AfterSuite tearDown -->
  <testcase classname="testBase.BaseClass" name="@BeforeSuite setup" time="0.0">
    <ignored/>
  </testcase> <!-- @BeforeSuite setup -->
  <testcase classname="testBase.BaseClass" name="@BeforeSuite setup" time="0.0">
    <ignored/>
  </testcase> <!-- @BeforeSuite setup -->
  <testcase classname="testBase.BaseClass" name="@AfterSuite tearDown" time="0.0">
    <ignored/>
  </testcase> <!-- @AfterSuite tearDown -->
  <testcase classname="testBase.BaseClass" name="@AfterSuite tearDown" time="0.0">
    <ignored/>
  </testcase> <!-- @AfterSuite tearDown -->
  <testcase classname="testBase.BaseClass" name="@BeforeSuite setup" time="0.0">
    <ignored/>
  </testcase> <!-- @BeforeSuite setup -->
</testsuite> <!-- Test -->
