<?xml version="1.0" encoding="UTF-8"?>
<testng-results ignored="0" total="1" passed="1" failed="0" skipped="0">
  <reporter-output>
  </reporter-output>
  <suite started-at="2024-02-28T18:45:14 IST" name="Suite" finished-at="2024-02-28T18:48:26 IST" duration-ms="192231">
    <groups>
      <group name="travel">
        <method signature="TC_001_Student_Travel_Insurance.travel_insurance()[pri:0, instance:testCases.TC_001_Student_Travel_Insurance@304bb45b]" name="travel_insurance" class="testCases.TC_001_Student_Travel_Insurance"/>
      </group> <!-- travel -->
      <group name="master">
        <method signature="TC_001_Student_Travel_Insurance.travel_insurance()[pri:0, instance:testCases.TC_001_Student_Travel_Insurance@304bb45b]" name="travel_insurance" class="testCases.TC_001_Student_Travel_Insurance"/>
      </group> <!-- master -->
    </groups>
    <test started-at="2024-02-28T18:45:14 IST" name="Test" finished-at="2024-02-28T18:48:26 IST" duration-ms="192231">
      <class name="testCases.TC_001_Student_Travel_Insurance">
        <test-method is-config="true" signature="setup()[pri:0, instance:testCases.TC_001_Student_Travel_Insurance@304bb45b]" started-at="2024-02-28T18:45:16 IST" name="setup" finished-at="2024-02-28T18:45:40 IST" duration-ms="23437" status="PASS">
          <reporter-output>
          </reporter-output>
        </test-method> <!-- setup -->
        <test-method signature="travel_insurance()[pri:0, instance:testCases.TC_001_Student_Travel_Insurance@304bb45b]" started-at="2024-02-28T18:45:40 IST" name="travel_insurance" finished-at="2024-02-28T18:48:15 IST" duration-ms="155363" status="PASS">
          <reporter-output>
          </reporter-output>
        </test-method> <!-- travel_insurance -->
        <test-method is-config="true" signature="tearDown()[pri:0, instance:testCases.TC_001_Student_Travel_Insurance@304bb45b]" started-at="2024-02-28T18:48:16 IST" name="tearDown" finished-at="2024-02-28T18:48:26 IST" duration-ms="9656" status="PASS">
          <reporter-output>
          </reporter-output>
        </test-method> <!-- tearDown -->
      </class> <!-- testCases.TC_001_Student_Travel_Insurance -->
    </test> <!-- Test -->
  </suite> <!-- Suite -->
</testng-results>
