<?xml version="1.0" encoding="UTF-8"?>
<testng-results ignored="0" total="13" passed="13" failed="0" skipped="0">
  <reporter-output>
  </reporter-output>
  <suite started-at="2024-02-19T17:11:31 IST" name="Suite" finished-at="2024-02-19T17:13:17 IST" duration-ms="105280">
    <groups>
    </groups>
    <test started-at="2024-02-19T17:11:31 IST" name="Test" finished-at="2024-02-19T17:13:17 IST" duration-ms="105280">
      <class name="testCases.TC_001">
        <test-method is-config="true" signature="setup(java.lang.String,java.lang.String)[pri:0, instance:testCases.TC_001@6ca18a14]" started-at="2024-02-19T17:11:31 IST" name="setup" finished-at="2024-02-19T17:12:23 IST" duration-ms="51747" status="PASS">
          <params>
            <param index="0">
              <value>
                <![CDATA[Windows]]>
              </value>
            </param>
            <param index="1">
              <value>
                <![CDATA[chrome]]>
              </value>
            </param>
          </params>
          <reporter-output>
          </reporter-output>
        </test-method> <!-- setup -->
        <test-method signature="homepage()[pri:1, instance:testCases.TC_001@6ca18a14]" started-at="2024-02-19T17:12:23 IST" name="homepage" finished-at="2024-02-19T17:12:24 IST" duration-ms="549" status="PASS">
          <reporter-output>
          </reporter-output>
        </test-method> <!-- homepage -->
        <test-method signature="selcountry()[pri:2, instance:testCases.TC_001@6ca18a14]" started-at="2024-02-19T17:12:24 IST" name="selcountry" finished-at="2024-02-19T17:13:03 IST" duration-ms="39458" status="PASS">
          <reporter-output>
          </reporter-output>
        </test-method> <!-- selcountry -->
        <test-method signature="Eurcountry()[pri:3, instance:testCases.TC_001@6ca18a14]" started-at="2024-02-19T17:13:03 IST" name="Eurcountry" finished-at="2024-02-19T17:13:04 IST" duration-ms="476" status="PASS">
          <reporter-output>
          </reporter-output>
        </test-method> <!-- Eurcountry -->
        <test-method signature="Next()[pri:4, instance:testCases.TC_001@6ca18a14]" started-at="2024-02-19T17:13:04 IST" name="Next" finished-at="2024-02-19T17:13:04 IST" duration-ms="315" status="PASS">
          <reporter-output>
          </reporter-output>
        </test-method> <!-- Next -->
        <test-method signature="date()[pri:5, instance:testCases.TC_001@6ca18a14]" started-at="2024-02-19T17:13:04 IST" name="date" finished-at="2024-02-19T17:13:05 IST" duration-ms="806" status="PASS">
          <reporter-output>
          </reporter-output>
        </test-method> <!-- date -->
        <test-method signature="startdate()[pri:6, instance:testCases.TC_001@6ca18a14]" started-at="2024-02-19T17:13:05 IST" name="startdate" finished-at="2024-02-19T17:13:06 IST" duration-ms="570" status="PASS">
          <reporter-output>
          </reporter-output>
        </test-method> <!-- startdate -->
        <test-method signature="lastdate()[pri:7, instance:testCases.TC_001@6ca18a14]" started-at="2024-02-19T17:13:06 IST" name="lastdate" finished-at="2024-02-19T17:13:06 IST" duration-ms="705" status="PASS">
          <reporter-output>
          </reporter-output>
        </test-method> <!-- lastdate -->
        <test-method signature="Countpeople()[pri:8, instance:testCases.TC_001@6ca18a14]" started-at="2024-02-19T17:13:06 IST" name="Countpeople" finished-at="2024-02-19T17:13:07 IST" duration-ms="333" status="PASS">
          <reporter-output>
          </reporter-output>
        </test-method> <!-- Countpeople -->
        <test-method signature="SelectAge()[pri:9, instance:testCases.TC_001@6ca18a14]" started-at="2024-02-19T17:13:07 IST" name="SelectAge" finished-at="2024-02-19T17:13:08 IST" duration-ms="1365" status="PASS">
          <reporter-output>
          </reporter-output>
        </test-method> <!-- SelectAge -->
        <test-method signature="MedicalCondi()[pri:10, instance:testCases.TC_001@6ca18a14]" started-at="2024-02-19T17:13:08 IST" name="MedicalCondi" finished-at="2024-02-19T17:13:09 IST" duration-ms="991" status="PASS">
          <reporter-output>
          </reporter-output>
        </test-method> <!-- MedicalCondi -->
        <test-method signature="phoneno()[pri:11, instance:testCases.TC_001@6ca18a14]" started-at="2024-02-19T17:13:09 IST" name="phoneno" finished-at="2024-02-19T17:13:10 IST" duration-ms="744" status="PASS">
          <reporter-output>
          </reporter-output>
        </test-method> <!-- phoneno -->
        <test-method signature="plans()[pri:12, instance:testCases.TC_001@6ca18a14]" started-at="2024-02-19T17:13:10 IST" name="plans" finished-at="2024-02-19T17:13:14 IST" duration-ms="4629" status="PASS">
          <reporter-output>
          </reporter-output>
        </test-method> <!-- plans -->
        <test-method signature="plansdata()[pri:13, instance:testCases.TC_001@6ca18a14]" started-at="2024-02-19T17:13:14 IST" name="plansdata" finished-at="2024-02-19T17:13:15 IST" duration-ms="787" status="PASS">
          <reporter-output>
          </reporter-output>
        </test-method> <!-- plansdata -->
        <test-method is-config="true" signature="tearDown()[pri:0, instance:testCases.TC_001@6ca18a14]" started-at="2024-02-19T17:13:15 IST" name="tearDown" finished-at="2024-02-19T17:13:17 IST" duration-ms="1559" status="PASS">
          <reporter-output>
          </reporter-output>
        </test-method> <!-- tearDown -->
      </class> <!-- testCases.TC_001 -->
    </test> <!-- Test -->
  </suite> <!-- Suite -->
</testng-results>
