<?xml version="1.0" encoding="UTF-8"?>
<!-- Generated by org.testng.reporters.JUnitReportReporter -->
<testsuite hostname="AnuragsLaptop" failures="0" tests="3" name="testRunner.TestNGRunner" time="216.382" errors="1" timestamp="2024-03-03T12:50:09 IST" skipped="0">
  <testcase classname="testRunner.TestNGRunner" name="runScenario" time="72.464"/>
  <testcase classname="testRunner.TestNGRunner" name="runScenario" time="52.456"/>
  <testcase classname="testRunner.TestNGRunner" name="runScenario" time="91.462">
    <error message="element click intercepted: Element &lt;button disabled=&quot;&quot; class=&quot;travel_main_cta&quot;&gt;...&lt;/button&gt; is not clickable at point (951, 501). Other element would receive the click: &lt;div class=&quot;pqCtaWrapper&quot;&gt;...&lt;/div&gt;
  (Session info: chrome=122.0.6261.95)
Build info: version: &#039;4.17.0&#039;, revision: &#039;e52b1be057*&#039;
System info: os.name: &#039;Windows 11&#039;, os.arch: &#039;amd64&#039;, os.version: &#039;10.0&#039;, java.version: &#039;20.0.2&#039;
Driver info: org.openqa.selenium.chrome.ChromeDriver
Command: [0a8bc1881276f4b16b15c00f146dbe84, clickElement {id=f.E55CAFC3EAF2E4A4C25872F05028F907.d.3F0DE2B88B3D9EF63F02899D033826D8.e.1229}]
Capabilities {acceptInsecureCerts: false, browserName: chrome, browserVersion: 122.0.6261.95, chrome: {chromedriverVersion: 122.0.6261.94 (880dbf29479c..., userDataDir: C:\Users\anura\AppData\Loca...}, fedcm:accounts: true, goog:chromeOptions: {debuggerAddress: localhost:53120}, networkConnectionEnabled: false, pageLoadStrategy: normal, platformName: windows, proxy: Proxy(), se:cdp: ws://localhost:53120/devtoo..., se:cdpVersion: 122.0.6261.95, setWindowRect: true, strictFileInteractability: false, timeouts: {implicit: 0, pageLoad: 300000, script: 30000}, unhandledPromptBehavior: dismiss and notify, webauthn:extension:credBlob: true, webauthn:extension:largeBlob: true, webauthn:extension:minPinLength: true, webauthn:extension:prf: true, webauthn:virtualAuthenticators: true}
Element: [[ChromeDriver: chrome on windows (0a8bc1881276f4b16b15c00f146dbe84)] -&gt; xpath: //button[normalize-space()=&#039;Next&#039;]]
Session ID: 0a8bc1881276f4b16b15c00f146dbe84" type="org.openqa.selenium.ElementClickInterceptedException">
      <![CDATA[org.openqa.selenium.ElementClickInterceptedException: element click intercepted: Element <button disabled="" class="travel_main_cta">...</button> is not clickable at point (951, 501). Other element would receive the click: <div class="pqCtaWrapper">...</div>
  (Session info: chrome=122.0.6261.95)
Build info: version: '4.17.0', revision: 'e52b1be057*'
System info: os.name: 'Windows 11', os.arch: 'amd64', os.version: '10.0', java.version: '20.0.2'
Driver info: org.openqa.selenium.chrome.ChromeDriver
Command: [0a8bc1881276f4b16b15c00f146dbe84, clickElement {id=f.E55CAFC3EAF2E4A4C25872F05028F907.d.3F0DE2B88B3D9EF63F02899D033826D8.e.1229}]
Capabilities {acceptInsecureCerts: false, browserName: chrome, browserVersion: 122.0.6261.95, chrome: {chromedriverVersion: 122.0.6261.94 (880dbf29479c..., userDataDir: C:\Users\anura\AppData\Loca...}, fedcm:accounts: true, goog:chromeOptions: {debuggerAddress: localhost:53120}, networkConnectionEnabled: false, pageLoadStrategy: normal, platformName: windows, proxy: Proxy(), se:cdp: ws://localhost:53120/devtoo..., se:cdpVersion: 122.0.6261.95, setWindowRect: true, strictFileInteractability: false, timeouts: {implicit: 0, pageLoad: 300000, script: 30000}, unhandledPromptBehavior: dismiss and notify, webauthn:extension:credBlob: true, webauthn:extension:largeBlob: true, webauthn:extension:minPinLength: true, webauthn:extension:prf: true, webauthn:virtualAuthenticators: true}
Element: [[ChromeDriver: chrome on windows (0a8bc1881276f4b16b15c00f146dbe84)] -> xpath: //button[normalize-space()='Next']]
Session ID: 0a8bc1881276f4b16b15c00f146dbe84
at java.base/jdk.internal.reflect.DirectConstructorHandleAccessor.newInstance(DirectConstructorHandleAccessor.java:67)
at java.base/java.lang.reflect.Constructor.newInstanceWithCaller(Constructor.java:500)
at java.base/java.lang.reflect.Constructor.newInstance(Constructor.java:484)
at org.openqa.selenium.remote.codec.w3c.W3CHttpResponseCodec.createException(W3CHttpResponseCodec.java:185)
at org.openqa.selenium.remote.codec.w3c.W3CHttpResponseCodec.decode(W3CHttpResponseCodec.java:134)
at org.openqa.selenium.remote.codec.w3c.W3CHttpResponseCodec.decode(W3CHttpResponseCodec.java:51)
at org.openqa.selenium.remote.HttpCommandExecutor.execute(HttpCommandExecutor.java:190)
at org.openqa.selenium.remote.service.DriverCommandExecutor.invokeExecute(DriverCommandExecutor.java:216)
at org.openqa.selenium.remote.service.DriverCommandExecutor.execute(DriverCommandExecutor.java:174)
at org.openqa.selenium.remote.RemoteWebDriver.execute(RemoteWebDriver.java:519)
at org.openqa.selenium.remote.RemoteWebElement.execute(RemoteWebElement.java:223)
at org.openqa.selenium.remote.RemoteWebElement.click(RemoteWebElement.java:76)
at java.base/jdk.internal.reflect.DirectMethodHandleAccessor.invoke(DirectMethodHandleAccessor.java:104)
at java.base/java.lang.reflect.Method.invoke(Method.java:578)
at org.openqa.selenium.support.pagefactory.internal.LocatingElementHandler.invoke(LocatingElementHandler.java:51)
at jdk.proxy2/jdk.proxy2.$Proxy61.click(Unknown Source)
at pageObject.Travel_Insurance.medicalCond(Travel_Insurance.java:235)
at stepDefinitions.Travel_Insurance_C.user_enters_medical_condition(Travel_Insurance_C.java:46)
at ✽.user enters medical condition(file:///C:/Users/anura/eclipse-workspace/Hack/Hackathon_Project/./features/Project.feature:7)
]]>
    </error>
  </testcase> <!-- runScenario -->
</testsuite> <!-- testRunner.TestNGRunner -->
